This is pdfTeX, Version 3.14159265-2.6-1.40.20 (MiKTeX 2.9.7200 64-bit) (preloaded format=pdflatex 2019.9.30)  3 AUG 2020 10:35
entering extended mode
**./CL_Main.tex
(CL_Main.tex
LaTeX2e <2018-12-01>

("C:\Users\Art\AppData\Local\Programs\MiKTeX 2.9\tex/latex/moderncv\moderncv.cl
s"
Document Class: moderncv 2015/07/28 v2.0.0 modern curriculum vitae and letter d
ocument class
("C:\Users\Art\AppData\Local\Programs\MiKTeX 2.9\tex/latex/base\size11.clo"
File: size11.clo 2018/09/03 v1.4i Standard LaTeX file (size option)
)
("C:\Users\Art\AppData\Local\Programs\MiKTeX 2.9\tex/latex/etoolbox\etoolbox.st
y"
Package: etoolbox 2019/09/21 v2.5h e-TeX tools for LaTeX (JAW)
\etb@tempcnta=\count80
) ("C:\Users\Art\AppData\Local\Programs\MiKTeX 2.9\tex/latex/base\ifthen.sty"
Package: ifthen 2014/09/29 v1.1c Standard LaTeX ifthen package (DPC)
) ("C:\Users\Art\AppData\Local\Programs\MiKTeX 2.9\tex/latex/xcolor\xcolor.sty"
Package: xcolor 2016/05/11 v2.12 LaTeX color extensions (UK)

("C:\Users\Art\AppData\Local\Programs\MiKTeX 2.9\tex/latex/graphics-cfg\color.c
fg"
File: color.cfg 2016/01/02 v1.6 sample color configuration
)
Package xcolor Info: Driver file: pdftex.def on input line 225.

("C:\Users\Art\AppData\Local\Programs\MiKTeX 2.9\tex/latex/graphics-def\pdftex.
def"
File: pdftex.def 2018/01/08 v1.0l Graphics/color driver for pdftex
)
("C:\Users\Art\AppData\Local\Programs\MiKTeX 2.9\tex/latex/colortbl\colortbl.st
y"
Package: colortbl 2018/12/12 v1.0d Color table columns (DPC)
 ("C:\Users\Art\AppData\Local\Programs\MiKTeX 2.9\tex/latex/tools\array.sty"
Package: array 2018/12/30 v2.4k Tabular extension package (FMi)
\col@sep=\dimen102
\ar@mcellbox=\box27
\extrarowheight=\dimen103
\NC@list=\toks14
\extratabsurround=\skip41
\backup@length=\skip42
\ar@cellbox=\box28
)
\everycr=\toks15
\minrowclearance=\skip43
)
\rownum=\count81
Package xcolor Info: Model `cmy' substituted by `cmy0' on input line 1348.
Package xcolor Info: Model `hsb' substituted by `rgb' on input line 1352.
Package xcolor Info: Model `RGB' extended on input line 1364.
Package xcolor Info: Model `HTML' substituted by `rgb' on input line 1366.
Package xcolor Info: Model `Hsb' substituted by `hsb' on input line 1367.
Package xcolor Info: Model `tHsb' substituted by `hsb' on input line 1368.
Package xcolor Info: Model `HSB' substituted by `hsb' on input line 1369.
Package xcolor Info: Model `Gray' substituted by `gray' on input line 1370.
Package xcolor Info: Model `wave' substituted by `hsb' on input line 1371.
)
("C:\Users\Art\AppData\Local\Programs\MiKTeX 2.9\tex/generic/ifxetex\ifxetex.st
y"
Package: ifxetex 2010/09/12 v0.6 Provides ifxetex conditional
)
("C:\Users\Art\AppData\Local\Programs\MiKTeX 2.9\tex/generic/oberdiek\ifluatex.
sty"
Package: ifluatex 2016/05/16 v1.4 Provides the ifluatex switch (HO)
Package ifluatex Info: LuaTeX not detected.
)
("C:\Users\Art\AppData\Local\Programs\MiKTeX 2.9\tex/latex/base\fontenc.sty"
Package: fontenc 2018/08/11 v2.0j Standard LaTeX package

("C:\Users\Art\AppData\Local\Programs\MiKTeX 2.9\tex/latex/base\t1enc.def"
File: t1enc.def 2018/08/11 v2.0j Standard LaTeX file
LaTeX Font Info:    Redeclaring font encoding T1 on input line 48.
))
("C:\Users\Art\AppData\Local\Programs\MiKTeX 2.9\tex/latex/lm\lmodern.sty"
Package: lmodern 2009/10/30 v1.6 Latin Modern Fonts
LaTeX Font Info:    Overwriting symbol font `operators' in version `normal'
(Font)                  OT1/cmr/m/n --> OT1/lmr/m/n on input line 22.
LaTeX Font Info:    Overwriting symbol font `letters' in version `normal'
(Font)                  OML/cmm/m/it --> OML/lmm/m/it on input line 23.
LaTeX Font Info:    Overwriting symbol font `symbols' in version `normal'
(Font)                  OMS/cmsy/m/n --> OMS/lmsy/m/n on input line 24.
LaTeX Font Info:    Overwriting symbol font `largesymbols' in version `normal'
(Font)                  OMX/cmex/m/n --> OMX/lmex/m/n on input line 25.
LaTeX Font Info:    Overwriting symbol font `operators' in version `bold'
(Font)                  OT1/cmr/bx/n --> OT1/lmr/bx/n on input line 26.
LaTeX Font Info:    Overwriting symbol font `letters' in version `bold'
(Font)                  OML/cmm/b/it --> OML/lmm/b/it on input line 27.
LaTeX Font Info:    Overwriting symbol font `symbols' in version `bold'
(Font)                  OMS/cmsy/b/n --> OMS/lmsy/b/n on input line 28.
LaTeX Font Info:    Overwriting symbol font `largesymbols' in version `bold'
(Font)                  OMX/cmex/m/n --> OMX/lmex/m/n on input line 29.
LaTeX Font Info:    Overwriting math alphabet `\mathbf' in version `normal'
(Font)                  OT1/cmr/bx/n --> OT1/lmr/bx/n on input line 31.
LaTeX Font Info:    Overwriting math alphabet `\mathsf' in version `normal'
(Font)                  OT1/cmss/m/n --> OT1/lmss/m/n on input line 32.
LaTeX Font Info:    Overwriting math alphabet `\mathit' in version `normal'
(Font)                  OT1/cmr/m/it --> OT1/lmr/m/it on input line 33.
LaTeX Font Info:    Overwriting math alphabet `\mathtt' in version `normal'
(Font)                  OT1/cmtt/m/n --> OT1/lmtt/m/n on input line 34.
LaTeX Font Info:    Overwriting math alphabet `\mathbf' in version `bold'
(Font)                  OT1/cmr/bx/n --> OT1/lmr/bx/n on input line 35.
LaTeX Font Info:    Overwriting math alphabet `\mathsf' in version `bold'
(Font)                  OT1/cmss/bx/n --> OT1/lmss/bx/n on input line 36.
LaTeX Font Info:    Overwriting math alphabet `\mathit' in version `bold'
(Font)                  OT1/cmr/bx/it --> OT1/lmr/bx/it on input line 37.
LaTeX Font Info:    Overwriting math alphabet `\mathtt' in version `bold'
(Font)                  OT1/cmtt/m/n --> OT1/lmtt/m/n on input line 38.
)
("C:\Users\Art\AppData\Local\Programs\MiKTeX 2.9\tex/latex/url\url.sty"
\Urlmuskip=\muskip10
Package: url 2013/09/16  ver 3.4  Verb mode for urls, etc.
)
("C:\Users\Art\AppData\Local\Programs\MiKTeX 2.9\tex/latex/graphics\graphicx.st
y"
Package: graphicx 2017/06/01 v1.1a Enhanced LaTeX Graphics (DPC,SPQR)

("C:\Users\Art\AppData\Local\Programs\MiKTeX 2.9\tex/latex/graphics\keyval.sty"
Package: keyval 2014/10/28 v1.15 key=value parser (DPC)
\KV@toks@=\toks16
)
("C:\Users\Art\AppData\Local\Programs\MiKTeX 2.9\tex/latex/graphics\graphics.st
y"
Package: graphics 2017/06/25 v1.2c Standard LaTeX Graphics (DPC,SPQR)
 ("C:\Users\Art\AppData\Local\Programs\MiKTeX 2.9\tex/latex/graphics\trig.sty"
Package: trig 2016/01/03 v1.10 sin cos tan (DPC)
)
("C:\Users\Art\AppData\Local\Programs\MiKTeX 2.9\tex/latex/graphics-cfg\graphic
s.cfg"
File: graphics.cfg 2016/06/04 v1.11 sample graphics configuration
)
Package graphics Info: Driver file: pdftex.def on input line 99.
)
\Gin@req@height=\dimen104
\Gin@req@width=\dimen105
)
("C:\Users\Art\AppData\Local\Programs\MiKTeX 2.9\tex/latex/fancyhdr\fancyhdr.st
y"
Package: fancyhdr 2019/01/31 v3.10 Extensive control of page headers and footer
s
\f@nch@headwidth=\skip44
\f@nch@O@elh=\skip45
\f@nch@O@erh=\skip46
\f@nch@O@olh=\skip47
\f@nch@O@orh=\skip48
\f@nch@O@elf=\skip49
\f@nch@O@erf=\skip50
\f@nch@O@olf=\skip51
\f@nch@O@orf=\skip52
)
("C:\Users\Art\AppData\Local\Programs\MiKTeX 2.9\tex/latex/moderncv\tweaklist.s
ty") ("C:\Users\Art\AppData\Local\Programs\MiKTeX 2.9\tex/latex/tools\calc.sty"
Package: calc 2017/05/25 v4.3 Infix arithmetic (KKT,FJ)
\calc@Acount=\count82
\calc@Bcount=\count83
\calc@Adimen=\dimen106
\calc@Bdimen=\dimen107
\calc@Askip=\skip53
\calc@Bskip=\skip54
LaTeX Info: Redefining \setlength on input line 80.
LaTeX Info: Redefining \addtolength on input line 81.
\calc@Ccount=\count84
\calc@Cskip=\skip55
)
("C:\Users\Art\AppData\Local\Programs\MiKTeX 2.9\tex/latex/l3packages/xparse\xp
arse.sty"
("C:\Users\Art\AppData\Local\Programs\MiKTeX 2.9\tex/latex/l3kernel\expl3.sty"
Package: expl3 2019-09-19 L3 programming layer (loader) 

("C:\Users\Art\AppData\Local\Programs\MiKTeX 2.9\tex/latex/l3kernel\expl3-code.
tex"
Package: expl3 2019-09-19 L3 programming layer (code)
\c_max_int=\count85
\l_tmpa_int=\count86
\l_tmpb_int=\count87
\g_tmpa_int=\count88
\g_tmpb_int=\count89
\g__kernel_prg_map_int=\count90
\c__ior_term_noprompt_ior=\count91
\c_log_iow=\count92
\l_iow_line_count_int=\count93
\l__iow_line_target_int=\count94
\l__iow_one_indent_int=\count95
\l__iow_indent_int=\count96
\c_zero_dim=\dimen108
\c_max_dim=\dimen109
\l_tmpa_dim=\dimen110
\l_tmpb_dim=\dimen111
\g_tmpa_dim=\dimen112
\g_tmpb_dim=\dimen113
\c_zero_skip=\skip56
\c_max_skip=\skip57
\l_tmpa_skip=\skip58
\l_tmpb_skip=\skip59
\g_tmpa_skip=\skip60
\g_tmpb_skip=\skip61
\c_zero_muskip=\muskip11
\c_max_muskip=\muskip12
\l_tmpa_muskip=\muskip13
\l_tmpb_muskip=\muskip14
\g_tmpa_muskip=\muskip15
\g_tmpb_muskip=\muskip16
\l_keys_choice_int=\count97
\l__intarray_loop_int=\count98
\c__intarray_sp_dim=\dimen114
\g__intarray_font_int=\count99
\c__fp_leading_shift_int=\count100
\c__fp_middle_shift_int=\count101
\c__fp_trailing_shift_int=\count102
\c__fp_big_leading_shift_int=\count103
\c__fp_big_middle_shift_int=\count104
\c__fp_big_trailing_shift_int=\count105
\c__fp_Bigg_leading_shift_int=\count106
\c__fp_Bigg_middle_shift_int=\count107
\c__fp_Bigg_trailing_shift_int=\count108
\c__kernel_randint_max_int=\count109
\g__fp_array_int=\count110
\l__fp_array_loop_int=\count111
\l__sort_length_int=\count112
\l__sort_min_int=\count113
\l__sort_top_int=\count114
\l__sort_max_int=\count115
\l__sort_true_max_int=\count116
\l__sort_block_int=\count117
\l__sort_begin_int=\count118
\l__sort_end_int=\count119
\l__sort_A_int=\count120
\l__sort_B_int=\count121
\l__sort_C_int=\count122
\l__str_internal_int=\count123
\c__str_replacement_char_int=\count124
\l__tl_analysis_normal_int=\count125
\l__tl_analysis_index_int=\count126
\l__tl_analysis_nesting_int=\count127
\l__tl_analysis_type_int=\count128
\l__regex_internal_a_int=\count129
\l__regex_internal_b_int=\count130
\l__regex_internal_c_int=\count131
\l__regex_balance_int=\count132
\l__regex_group_level_int=\count133
\l__regex_mode_int=\count134
\c__regex_cs_in_class_mode_int=\count135
\c__regex_cs_mode_int=\count136
\l__regex_catcodes_int=\count137
\l__regex_default_catcodes_int=\count138
\c__regex_catcode_D_int=\count139
\c__regex_catcode_S_int=\count140
\c__regex_catcode_L_int=\count141
\c__regex_catcode_O_int=\count142
\c__regex_catcode_A_int=\count143
\c__regex_all_catcodes_int=\count144
\l__regex_show_lines_int=\count145
\l__regex_min_state_int=\count146
\l__regex_max_state_int=\count147
\l__regex_left_state_int=\count148
\l__regex_right_state_int=\count149
\l__regex_capturing_group_int=\count150
\l__regex_min_pos_int=\count151
\l__regex_max_pos_int=\count152
\l__regex_curr_pos_int=\count153
\l__regex_start_pos_int=\count154
\l__regex_success_pos_int=\count155
\l__regex_curr_char_int=\count156
\l__regex_curr_catcode_int=\count157
\l__regex_last_char_int=\count158
\l__regex_case_changed_char_int=\count159
\l__regex_curr_state_int=\count160
\l__regex_step_int=\count161
\l__regex_min_active_int=\count162
\l__regex_max_active_int=\count163
\l__regex_replacement_csnames_int=\count164
\l__regex_match_count_int=\count165
\l__regex_min_submatch_int=\count166
\l__regex_submatch_int=\count167
\l__regex_zeroth_submatch_int=\count168
\g__regex_trace_regex_int=\count169
\c_empty_box=\box29
\l_tmpa_box=\box30
\l_tmpb_box=\box31
\g_tmpa_box=\box32
\g_tmpb_box=\box33
\l__box_top_dim=\dimen115
\l__box_bottom_dim=\dimen116
\l__box_left_dim=\dimen117
\l__box_right_dim=\dimen118
\l__box_top_new_dim=\dimen119
\l__box_bottom_new_dim=\dimen120
\l__box_left_new_dim=\dimen121
\l__box_right_new_dim=\dimen122
\l__box_internal_box=\box34
\l__coffin_internal_box=\box35
\l__coffin_internal_dim=\dimen123
\l__coffin_offset_x_dim=\dimen124
\l__coffin_offset_y_dim=\dimen125
\l__coffin_x_dim=\dimen126
\l__coffin_y_dim=\dimen127
\l__coffin_x_prime_dim=\dimen128
\l__coffin_y_prime_dim=\dimen129
\c_empty_coffin=\box36
\l__coffin_aligned_coffin=\box37
\l__coffin_aligned_internal_coffin=\box38
\l_tmpa_coffin=\box39
\l_tmpb_coffin=\box40
\g_tmpa_coffin=\box41
\g_tmpb_coffin=\box42
\l__coffin_bounding_shift_dim=\dimen130
\l__coffin_left_corner_dim=\dimen131
\l__coffin_right_corner_dim=\dimen132
\l__coffin_bottom_corner_dim=\dimen133
\l__coffin_top_corner_dim=\dimen134
\l__coffin_scaled_total_height_dim=\dimen135
\l__coffin_scaled_width_dim=\dimen136
\c__coffin_empty_coffin=\box43
\l__coffin_display_coffin=\box44
\l__coffin_display_coord_coffin=\box45
\l__coffin_display_pole_coffin=\box46
\l__coffin_display_offset_dim=\dimen137
\l__coffin_display_x_dim=\dimen138
\l__coffin_display_y_dim=\dimen139
\g__char_data_ior=\read1
\l__seq_internal_a_int=\count170
\l__seq_internal_b_int=\count171
)
("C:\Users\Art\AppData\Local\Programs\MiKTeX 2.9\tex/latex/l3backend\l3backend-
pdfmode.def"
File: l3backend-pdfmode.def 2019-04-06 v L3 backend support: PDF mode
\l__kernel_color_stack_int=\count172
\l__pdf_internal_box=\box47
))
Package: xparse 2019-05-28 L3 Experimental document command parser
\l__xparse_current_arg_int=\count173
\g__xparse_grabber_int=\count174
\l__xparse_m_args_int=\count175
\l__xparse_v_nesting_int=\count176
)
("C:\Users\Art\AppData\Local\Programs\MiKTeX 2.9\tex/latex/microtype\microtype.
sty"
Package: microtype 2019/02/28 v2.7b Micro-typographical refinements (RS)
\MT@toks=\toks17
\MT@count=\count177
LaTeX Info: Redefining \textls on input line 790.
\MT@outer@kern=\dimen140
LaTeX Info: Redefining \textmicrotypecontext on input line 1336.
\MT@listname@count=\count178

("C:\Users\Art\AppData\Local\Programs\MiKTeX 2.9\tex/latex/microtype\microtype-
pdftex.def"
File: microtype-pdftex.def 2019/02/28 v2.7b Definitions specific to pdftex (RS)

LaTeX Info: Redefining \lsstyle on input line 914.
LaTeX Info: Redefining \lslig on input line 914.
\MT@outer@space=\skip62
)
Package microtype Info: Loading configuration file microtype.cfg.

("C:\Users\Art\AppData\Local\Programs\MiKTeX 2.9\tex/latex/microtype\microtype.
cfg"
File: microtype.cfg 2019/02/28 v2.7b microtype main configuration file (RS)
))
("C:\Users\Art\AppData\Local\Programs\MiKTeX 2.9\tex/latex/moderncv\moderncvcol
lection.sty"
Package: moderncvcollection 2015/07/28 v2.0.0 moderncv collections
\c@collection@iterator=\count179
)
("C:\Users\Art\AppData\Local\Programs\MiKTeX 2.9\tex/latex/moderncv\moderncvcom
patibility.sty"
Package: moderncvcompatibility 2015/07/28 v2.0.0 modern curriculum vitae and le
tter compatibility patches
)
\c@collection@phones@count=\count180
\c@collection@socials@count=\count181
\c@cvcolumnscounter=\count182
\c@cvcolumnsautowidthcounter=\count183
\c@tmpiteratorcounter=\count184
\cvcolumnsdummywidth=\skip63
\cvcolumnswidth=\skip64
\cvcolumnsautowidth=\skip65
\cvcolumnautowidth=\skip66
\bibindent=\skip67
)
("C:\Users\Art\AppData\Local\Programs\MiKTeX 2.9\tex/latex/base\textcomp.sty"
Package: textcomp 2018/08/11 v2.0j Standard LaTeX package
Package textcomp Info: Sub-encoding information:
(textcomp)               5 = only ISO-Adobe without \textcurrency
(textcomp)               4 = 5 + \texteuro
(textcomp)               3 = 4 + \textohm
(textcomp)               2 = 3 + \textestimated + \textcurrency
(textcomp)               1 = TS1 - \textcircled - \t
(textcomp)               0 = TS1 (full)
(textcomp)             Font families with sub-encoding setting implement
(textcomp)             only a restricted character set as indicated.
(textcomp)             Family '?' is the default used for unknown fonts.
(textcomp)             See the documentation for details.
Package textcomp Info: Setting ? sub-encoding to TS1/1 on input line 79.

("C:\Users\Art\AppData\Local\Programs\MiKTeX 2.9\tex/latex/base\ts1enc.def"
File: ts1enc.def 2001/06/05 v3.0e (jk/car/fm) Standard LaTeX file
Now handling font encoding TS1 ...
... processing UTF-8 mapping file for font encoding TS1

("C:\Users\Art\AppData\Local\Programs\MiKTeX 2.9\tex/latex/base\ts1enc.dfu"
File: ts1enc.dfu 2018/10/05 v1.2f UTF-8 support for inputenc
   defining Unicode char U+00A2 (decimal 162)
   defining Unicode char U+00A3 (decimal 163)
   defining Unicode char U+00A4 (decimal 164)
   defining Unicode char U+00A5 (decimal 165)
   defining Unicode char U+00A6 (decimal 166)
   defining Unicode char U+00A7 (decimal 167)
   defining Unicode char U+00A8 (decimal 168)
   defining Unicode char U+00A9 (decimal 169)
   defining Unicode char U+00AA (decimal 170)
   defining Unicode char U+00AC (decimal 172)
   defining Unicode char U+00AE (decimal 174)
   defining Unicode char U+00AF (decimal 175)
   defining Unicode char U+00B0 (decimal 176)
   defining Unicode char U+00B1 (decimal 177)
   defining Unicode char U+00B2 (decimal 178)
   defining Unicode char U+00B3 (decimal 179)
   defining Unicode char U+00B4 (decimal 180)
   defining Unicode char U+00B5 (decimal 181)
   defining Unicode char U+00B6 (decimal 182)
   defining Unicode char U+00B7 (decimal 183)
   defining Unicode char U+00B9 (decimal 185)
   defining Unicode char U+00BA (decimal 186)
   defining Unicode char U+00BC (decimal 188)
   defining Unicode char U+00BD (decimal 189)
   defining Unicode char U+00BE (decimal 190)
   defining Unicode char U+00D7 (decimal 215)
   defining Unicode char U+00F7 (decimal 247)
   defining Unicode char U+0192 (decimal 402)
   defining Unicode char U+02C7 (decimal 711)
   defining Unicode char U+02D8 (decimal 728)
   defining Unicode char U+02DD (decimal 733)
   defining Unicode char U+0E3F (decimal 3647)
   defining Unicode char U+2016 (decimal 8214)
   defining Unicode char U+2020 (decimal 8224)
   defining Unicode char U+2021 (decimal 8225)
   defining Unicode char U+2022 (decimal 8226)
   defining Unicode char U+2030 (decimal 8240)
   defining Unicode char U+2031 (decimal 8241)
   defining Unicode char U+203B (decimal 8251)
   defining Unicode char U+203D (decimal 8253)
   defining Unicode char U+2044 (decimal 8260)
   defining Unicode char U+204E (decimal 8270)
   defining Unicode char U+2052 (decimal 8274)
   defining Unicode char U+20A1 (decimal 8353)
   defining Unicode char U+20A4 (decimal 8356)
   defining Unicode char U+20A6 (decimal 8358)
   defining Unicode char U+20A9 (decimal 8361)
   defining Unicode char U+20AB (decimal 8363)
   defining Unicode char U+20AC (decimal 8364)
   defining Unicode char U+20B1 (decimal 8369)
   defining Unicode char U+2103 (decimal 8451)
   defining Unicode char U+2116 (decimal 8470)
   defining Unicode char U+2117 (decimal 8471)
   defining Unicode char U+211E (decimal 8478)
   defining Unicode char U+2120 (decimal 8480)
   defining Unicode char U+2122 (decimal 8482)
   defining Unicode char U+2126 (decimal 8486)
   defining Unicode char U+2127 (decimal 8487)
   defining Unicode char U+212E (decimal 8494)
   defining Unicode char U+2190 (decimal 8592)
   defining Unicode char U+2191 (decimal 8593)
   defining Unicode char U+2192 (decimal 8594)
   defining Unicode char U+2193 (decimal 8595)
   defining Unicode char U+2329 (decimal 9001)
   defining Unicode char U+232A (decimal 9002)
   defining Unicode char U+2422 (decimal 9250)
   defining Unicode char U+25E6 (decimal 9702)
   defining Unicode char U+25EF (decimal 9711)
   defining Unicode char U+266A (decimal 9834)
   defining Unicode char U+FEFF (decimal 65279)
))
LaTeX Info: Redefining \oldstylenums on input line 334.
Package textcomp Info: Setting cmr sub-encoding to TS1/0 on input line 349.
Package textcomp Info: Setting cmss sub-encoding to TS1/0 on input line 350.
Package textcomp Info: Setting cmtt sub-encoding to TS1/0 on input line 351.
Package textcomp Info: Setting cmvtt sub-encoding to TS1/0 on input line 352.
Package textcomp Info: Setting cmbr sub-encoding to TS1/0 on input line 353.
Package textcomp Info: Setting cmtl sub-encoding to TS1/0 on input line 354.
Package textcomp Info: Setting ccr sub-encoding to TS1/0 on input line 355.
Package textcomp Info: Setting ptm sub-encoding to TS1/4 on input line 356.
Package textcomp Info: Setting pcr sub-encoding to TS1/4 on input line 357.
Package textcomp Info: Setting phv sub-encoding to TS1/4 on input line 358.
Package textcomp Info: Setting ppl sub-encoding to TS1/3 on input line 359.
Package textcomp Info: Setting pag sub-encoding to TS1/4 on input line 360.
Package textcomp Info: Setting pbk sub-encoding to TS1/4 on input line 361.
Package textcomp Info: Setting pnc sub-encoding to TS1/4 on input line 362.
Package textcomp Info: Setting pzc sub-encoding to TS1/4 on input line 363.
Package textcomp Info: Setting bch sub-encoding to TS1/4 on input line 364.
Package textcomp Info: Setting put sub-encoding to TS1/5 on input line 365.
Package textcomp Info: Setting uag sub-encoding to TS1/5 on input line 366.
Package textcomp Info: Setting ugq sub-encoding to TS1/5 on input line 367.
Package textcomp Info: Setting ul8 sub-encoding to TS1/4 on input line 368.
Package textcomp Info: Setting ul9 sub-encoding to TS1/4 on input line 369.
Package textcomp Info: Setting augie sub-encoding to TS1/5 on input line 370.
Package textcomp Info: Setting dayrom sub-encoding to TS1/3 on input line 371.
Package textcomp Info: Setting dayroms sub-encoding to TS1/3 on input line 372.

Package textcomp Info: Setting pxr sub-encoding to TS1/0 on input line 373.
Package textcomp Info: Setting pxss sub-encoding to TS1/0 on input line 374.
Package textcomp Info: Setting pxtt sub-encoding to TS1/0 on input line 375.
Package textcomp Info: Setting txr sub-encoding to TS1/0 on input line 376.
Package textcomp Info: Setting txss sub-encoding to TS1/0 on input line 377.
Package textcomp Info: Setting txtt sub-encoding to TS1/0 on input line 378.
Package textcomp Info: Setting lmr sub-encoding to TS1/0 on input line 379.
Package textcomp Info: Setting lmdh sub-encoding to TS1/0 on input line 380.
Package textcomp Info: Setting lmss sub-encoding to TS1/0 on input line 381.
Package textcomp Info: Setting lmssq sub-encoding to TS1/0 on input line 382.
Package textcomp Info: Setting lmvtt sub-encoding to TS1/0 on input line 383.
Package textcomp Info: Setting lmtt sub-encoding to TS1/0 on input line 384.
Package textcomp Info: Setting qhv sub-encoding to TS1/0 on input line 385.
Package textcomp Info: Setting qag sub-encoding to TS1/0 on input line 386.
Package textcomp Info: Setting qbk sub-encoding to TS1/0 on input line 387.
Package textcomp Info: Setting qcr sub-encoding to TS1/0 on input line 388.
Package textcomp Info: Setting qcs sub-encoding to TS1/0 on input line 389.
Package textcomp Info: Setting qpl sub-encoding to TS1/0 on input line 390.
Package textcomp Info: Setting qtm sub-encoding to TS1/0 on input line 391.
Package textcomp Info: Setting qzc sub-encoding to TS1/0 on input line 392.
Package textcomp Info: Setting qhvc sub-encoding to TS1/0 on input line 393.
Package textcomp Info: Setting futs sub-encoding to TS1/4 on input line 394.
Package textcomp Info: Setting futx sub-encoding to TS1/4 on input line 395.
Package textcomp Info: Setting futj sub-encoding to TS1/4 on input line 396.
Package textcomp Info: Setting hlh sub-encoding to TS1/3 on input line 397.
Package textcomp Info: Setting hls sub-encoding to TS1/3 on input line 398.
Package textcomp Info: Setting hlst sub-encoding to TS1/3 on input line 399.
Package textcomp Info: Setting hlct sub-encoding to TS1/5 on input line 400.
Package textcomp Info: Setting hlx sub-encoding to TS1/5 on input line 401.
Package textcomp Info: Setting hlce sub-encoding to TS1/5 on input line 402.
Package textcomp Info: Setting hlcn sub-encoding to TS1/5 on input line 403.
Package textcomp Info: Setting hlcw sub-encoding to TS1/5 on input line 404.
Package textcomp Info: Setting hlcf sub-encoding to TS1/5 on input line 405.
Package textcomp Info: Setting pplx sub-encoding to TS1/3 on input line 406.
Package textcomp Info: Setting pplj sub-encoding to TS1/3 on input line 407.
Package textcomp Info: Setting ptmx sub-encoding to TS1/4 on input line 408.
Package textcomp Info: Setting ptmj sub-encoding to TS1/4 on input line 409.
)
("C:\Users\Art\AppData\Local\Programs\MiKTeX 2.9\tex/latex/comment\comment.sty"
\CommentStream=\write3
Excluding comment 'comment')
("C:\Users\Art\AppData\Local\Programs\MiKTeX 2.9\tex/latex/moderncv\moderncvsty
leclassic.sty"
Package: moderncvstyleclassic 2015/07/28 v2.0.0 modern curriculum vitae and let
ter style scheme: classic

("C:\Users\Art\AppData\Local\Programs\MiKTeX 2.9\tex/latex/moderncv\moderncvico
nsmarvosym.sty"
Package: moderncviconsmarvosym 2015/07/28 v2.0.0 modern curriculum vitae and le
tter icons: marvosym

("C:\Users\Art\AppData\Local\Programs\MiKTeX 2.9\tex/latex/pgf/frontendlayer\ti
kz.sty"
("C:\Users\Art\AppData\Local\Programs\MiKTeX 2.9\tex/latex/pgf/basiclayer\pgf.s
ty"
("C:\Users\Art\AppData\Local\Programs\MiKTeX 2.9\tex/latex/pgf/utilities\pgfrcs
.sty"
("C:\Users\Art\AppData\Local\Programs\MiKTeX 2.9\tex/generic/pgf/utilities\pgfu
til-common.tex"
\pgfutil@everybye=\toks18
\pgfutil@tempdima=\dimen141
\pgfutil@tempdimb=\dimen142

("C:\Users\Art\AppData\Local\Programs\MiKTeX 2.9\tex/generic/pgf/utilities\pgfu
til-common-lists.tex"))
("C:\Users\Art\AppData\Local\Programs\MiKTeX 2.9\tex/generic/pgf/utilities\pgfu
til-latex.def"
\pgfutil@abb=\box48

("C:\Users\Art\AppData\Local\Programs\MiKTeX 2.9\tex/latex/ms\everyshi.sty"
Package: everyshi 2001/05/15 v3.00 EveryShipout Package (MS)
))
("C:\Users\Art\AppData\Local\Programs\MiKTeX 2.9\tex/generic/pgf/utilities\pgfr
cs.code.tex"
("C:\Users\Art\AppData\Local\Programs\MiKTeX 2.9\tex/generic/pgf\pgf.revision.t
ex")
Package: pgfrcs 2019/08/03 v3.1.4b (3.1.4b)
))
Package: pgf 2019/08/03 v3.1.4b (3.1.4b)

("C:\Users\Art\AppData\Local\Programs\MiKTeX 2.9\tex/latex/pgf/basiclayer\pgfco
re.sty"
("C:\Users\Art\AppData\Local\Programs\MiKTeX 2.9\tex/latex/pgf/systemlayer\pgfs
ys.sty"
("C:\Users\Art\AppData\Local\Programs\MiKTeX 2.9\tex/generic/pgf/systemlayer\pg
fsys.code.tex"
Package: pgfsys 2019/08/03 v3.1.4b (3.1.4b)

("C:\Users\Art\AppData\Local\Programs\MiKTeX 2.9\tex/generic/pgf/utilities\pgfk
eys.code.tex"
\pgfkeys@pathtoks=\toks19
\pgfkeys@temptoks=\toks20

("C:\Users\Art\AppData\Local\Programs\MiKTeX 2.9\tex/generic/pgf/utilities\pgfk
eysfiltered.code.tex"
\pgfkeys@tmptoks=\toks21
))
\pgf@x=\dimen143
\pgf@y=\dimen144
\pgf@xa=\dimen145
\pgf@ya=\dimen146
\pgf@xb=\dimen147
\pgf@yb=\dimen148
\pgf@xc=\dimen149
\pgf@yc=\dimen150
\pgf@xd=\dimen151
\pgf@yd=\dimen152
\w@pgf@writea=\write4
\r@pgf@reada=\read2
\c@pgf@counta=\count185
\c@pgf@countb=\count186
\c@pgf@countc=\count187
\c@pgf@countd=\count188
\t@pgf@toka=\toks22
\t@pgf@tokb=\toks23
\t@pgf@tokc=\toks24
\pgf@sys@id@count=\count189

("C:\Users\Art\AppData\Local\Programs\MiKTeX 2.9\tex/generic/pgf/systemlayer\pg
f.cfg"
File: pgf.cfg 2019/08/03 v3.1.4b (3.1.4b)
)
Driver file for pgf: pgfsys-pdftex.def

("C:\Users\Art\AppData\Local\Programs\MiKTeX 2.9\tex/generic/pgf/systemlayer\pg
fsys-pdftex.def"
File: pgfsys-pdftex.def 2019/08/03 v3.1.4b (3.1.4b)

("C:\Users\Art\AppData\Local\Programs\MiKTeX 2.9\tex/generic/pgf/systemlayer\pg
fsys-common-pdf.def"
File: pgfsys-common-pdf.def 2019/08/03 v3.1.4b (3.1.4b)
)))
("C:\Users\Art\AppData\Local\Programs\MiKTeX 2.9\tex/generic/pgf/systemlayer\pg
fsyssoftpath.code.tex"
File: pgfsyssoftpath.code.tex 2019/08/03 v3.1.4b (3.1.4b)
\pgfsyssoftpath@smallbuffer@items=\count190
\pgfsyssoftpath@bigbuffer@items=\count191
)
("C:\Users\Art\AppData\Local\Programs\MiKTeX 2.9\tex/generic/pgf/systemlayer\pg
fsysprotocol.code.tex"
File: pgfsysprotocol.code.tex 2019/08/03 v3.1.4b (3.1.4b)
))
("C:\Users\Art\AppData\Local\Programs\MiKTeX 2.9\tex/generic/pgf/basiclayer\pgf
core.code.tex"
Package: pgfcore 2019/08/03 v3.1.4b (3.1.4b)

("C:\Users\Art\AppData\Local\Programs\MiKTeX 2.9\tex/generic/pgf/math\pgfmath.c
ode.tex"
("C:\Users\Art\AppData\Local\Programs\MiKTeX 2.9\tex/generic/pgf/math\pgfmathca
lc.code.tex"
("C:\Users\Art\AppData\Local\Programs\MiKTeX 2.9\tex/generic/pgf/math\pgfmathut
il.code.tex")
("C:\Users\Art\AppData\Local\Programs\MiKTeX 2.9\tex/generic/pgf/math\pgfmathpa
rser.code.tex"
\pgfmath@dimen=\dimen153
\pgfmath@count=\count192
\pgfmath@box=\box49
\pgfmath@toks=\toks25
\pgfmath@stack@operand=\toks26
\pgfmath@stack@operation=\toks27
)
("C:\Users\Art\AppData\Local\Programs\MiKTeX 2.9\tex/generic/pgf/math\pgfmathfu
nctions.code.tex"
("C:\Users\Art\AppData\Local\Programs\MiKTeX 2.9\tex/generic/pgf/math\pgfmathfu
nctions.basic.code.tex")
("C:\Users\Art\AppData\Local\Programs\MiKTeX 2.9\tex/generic/pgf/math\pgfmathfu
nctions.trigonometric.code.tex")
("C:\Users\Art\AppData\Local\Programs\MiKTeX 2.9\tex/generic/pgf/math\pgfmathfu
nctions.random.code.tex")
("C:\Users\Art\AppData\Local\Programs\MiKTeX 2.9\tex/generic/pgf/math\pgfmathfu
nctions.comparison.code.tex")
("C:\Users\Art\AppData\Local\Programs\MiKTeX 2.9\tex/generic/pgf/math\pgfmathfu
nctions.base.code.tex")
("C:\Users\Art\AppData\Local\Programs\MiKTeX 2.9\tex/generic/pgf/math\pgfmathfu
nctions.round.code.tex")
("C:\Users\Art\AppData\Local\Programs\MiKTeX 2.9\tex/generic/pgf/math\pgfmathfu
nctions.misc.code.tex")
("C:\Users\Art\AppData\Local\Programs\MiKTeX 2.9\tex/generic/pgf/math\pgfmathfu
nctions.integerarithmetics.code.tex")))
("C:\Users\Art\AppData\Local\Programs\MiKTeX 2.9\tex/generic/pgf/math\pgfmathfl
oat.code.tex"
\c@pgfmathroundto@lastzeros=\count193
))
("C:\Users\Art\AppData\Local\Programs\MiKTeX 2.9\tex/generic/pgf/math\pgfint.co
de.tex")
("C:\Users\Art\AppData\Local\Programs\MiKTeX 2.9\tex/generic/pgf/basiclayer\pgf
corepoints.code.tex"
File: pgfcorepoints.code.tex 2019/08/03 v3.1.4b (3.1.4b)
\pgf@picminx=\dimen154
\pgf@picmaxx=\dimen155
\pgf@picminy=\dimen156
\pgf@picmaxy=\dimen157
\pgf@pathminx=\dimen158
\pgf@pathmaxx=\dimen159
\pgf@pathminy=\dimen160
\pgf@pathmaxy=\dimen161
\pgf@xx=\dimen162
\pgf@xy=\dimen163
\pgf@yx=\dimen164
\pgf@yy=\dimen165
\pgf@zx=\dimen166
\pgf@zy=\dimen167
)
("C:\Users\Art\AppData\Local\Programs\MiKTeX 2.9\tex/generic/pgf/basiclayer\pgf
corepathconstruct.code.tex"
File: pgfcorepathconstruct.code.tex 2019/08/03 v3.1.4b (3.1.4b)
\pgf@path@lastx=\dimen168
\pgf@path@lasty=\dimen169
)
("C:\Users\Art\AppData\Local\Programs\MiKTeX 2.9\tex/generic/pgf/basiclayer\pgf
corepathusage.code.tex"
File: pgfcorepathusage.code.tex 2019/08/03 v3.1.4b (3.1.4b)
\pgf@shorten@end@additional=\dimen170
\pgf@shorten@start@additional=\dimen171
)
("C:\Users\Art\AppData\Local\Programs\MiKTeX 2.9\tex/generic/pgf/basiclayer\pgf
corescopes.code.tex"
File: pgfcorescopes.code.tex 2019/08/03 v3.1.4b (3.1.4b)
\pgfpic=\box50
\pgf@hbox=\box51
\pgf@layerbox@main=\box52
\pgf@picture@serial@count=\count194
)
("C:\Users\Art\AppData\Local\Programs\MiKTeX 2.9\tex/generic/pgf/basiclayer\pgf
coregraphicstate.code.tex"
File: pgfcoregraphicstate.code.tex 2019/08/03 v3.1.4b (3.1.4b)
\pgflinewidth=\dimen172
)
("C:\Users\Art\AppData\Local\Programs\MiKTeX 2.9\tex/generic/pgf/basiclayer\pgf
coretransformations.code.tex"
File: pgfcoretransformations.code.tex 2019/08/03 v3.1.4b (3.1.4b)
\pgf@pt@x=\dimen173
\pgf@pt@y=\dimen174
\pgf@pt@temp=\dimen175
)
("C:\Users\Art\AppData\Local\Programs\MiKTeX 2.9\tex/generic/pgf/basiclayer\pgf
corequick.code.tex"
File: pgfcorequick.code.tex 2019/08/03 v3.1.4b (3.1.4b)
)
("C:\Users\Art\AppData\Local\Programs\MiKTeX 2.9\tex/generic/pgf/basiclayer\pgf
coreobjects.code.tex"
File: pgfcoreobjects.code.tex 2019/08/03 v3.1.4b (3.1.4b)
)
("C:\Users\Art\AppData\Local\Programs\MiKTeX 2.9\tex/generic/pgf/basiclayer\pgf
corepathprocessing.code.tex"
File: pgfcorepathprocessing.code.tex 2019/08/03 v3.1.4b (3.1.4b)
)
("C:\Users\Art\AppData\Local\Programs\MiKTeX 2.9\tex/generic/pgf/basiclayer\pgf
corearrows.code.tex"
File: pgfcorearrows.code.tex 2019/08/03 v3.1.4b (3.1.4b)
\pgfarrowsep=\dimen176
)
("C:\Users\Art\AppData\Local\Programs\MiKTeX 2.9\tex/generic/pgf/basiclayer\pgf
coreshade.code.tex"
File: pgfcoreshade.code.tex 2019/08/03 v3.1.4b (3.1.4b)
\pgf@max=\dimen177
\pgf@sys@shading@range@num=\count195
\pgf@shadingcount=\count196
)
("C:\Users\Art\AppData\Local\Programs\MiKTeX 2.9\tex/generic/pgf/basiclayer\pgf
coreimage.code.tex"
File: pgfcoreimage.code.tex 2019/08/03 v3.1.4b (3.1.4b)

("C:\Users\Art\AppData\Local\Programs\MiKTeX 2.9\tex/generic/pgf/basiclayer\pgf
coreexternal.code.tex"
File: pgfcoreexternal.code.tex 2019/08/03 v3.1.4b (3.1.4b)
\pgfexternal@startupbox=\box53
))
("C:\Users\Art\AppData\Local\Programs\MiKTeX 2.9\tex/generic/pgf/basiclayer\pgf
corelayers.code.tex"
File: pgfcorelayers.code.tex 2019/08/03 v3.1.4b (3.1.4b)
)
("C:\Users\Art\AppData\Local\Programs\MiKTeX 2.9\tex/generic/pgf/basiclayer\pgf
coretransparency.code.tex"
File: pgfcoretransparency.code.tex 2019/08/03 v3.1.4b (3.1.4b)
)
("C:\Users\Art\AppData\Local\Programs\MiKTeX 2.9\tex/generic/pgf/basiclayer\pgf
corepatterns.code.tex"
File: pgfcorepatterns.code.tex 2019/08/03 v3.1.4b (3.1.4b)
)
("C:\Users\Art\AppData\Local\Programs\MiKTeX 2.9\tex/generic/pgf/basiclayer\pgf
corerdf.code.tex"
File: pgfcorerdf.code.tex 2019/08/03 v3.1.4b (3.1.4b)
)))
("C:\Users\Art\AppData\Local\Programs\MiKTeX 2.9\tex/generic/pgf/modules\pgfmod
uleshapes.code.tex"
File: pgfmoduleshapes.code.tex 2019/08/03 v3.1.4b (3.1.4b)
\pgfnodeparttextbox=\box54
)
("C:\Users\Art\AppData\Local\Programs\MiKTeX 2.9\tex/generic/pgf/modules\pgfmod
uleplot.code.tex"
File: pgfmoduleplot.code.tex 2019/08/03 v3.1.4b (3.1.4b)
)
("C:\Users\Art\AppData\Local\Programs\MiKTeX 2.9\tex/latex/pgf/compatibility\pg
fcomp-version-0-65.sty"
Package: pgfcomp-version-0-65 2019/08/03 v3.1.4b (3.1.4b)
\pgf@nodesepstart=\dimen178
\pgf@nodesepend=\dimen179
)
("C:\Users\Art\AppData\Local\Programs\MiKTeX 2.9\tex/latex/pgf/compatibility\pg
fcomp-version-1-18.sty"
Package: pgfcomp-version-1-18 2019/08/03 v3.1.4b (3.1.4b)
))
("C:\Users\Art\AppData\Local\Programs\MiKTeX 2.9\tex/latex/pgf/utilities\pgffor
.sty"
("C:\Users\Art\AppData\Local\Programs\MiKTeX 2.9\tex/latex/pgf/utilities\pgfkey
s.sty"
("C:\Users\Art\AppData\Local\Programs\MiKTeX 2.9\tex/generic/pgf/utilities\pgfk
eys.code.tex"))
("C:\Users\Art\AppData\Local\Programs\MiKTeX 2.9\tex/latex/pgf/math\pgfmath.sty
"
("C:\Users\Art\AppData\Local\Programs\MiKTeX 2.9\tex/generic/pgf/math\pgfmath.c
ode.tex"))
("C:\Users\Art\AppData\Local\Programs\MiKTeX 2.9\tex/generic/pgf/utilities\pgff
or.code.tex"
Package: pgffor 2019/08/03 v3.1.4b (3.1.4b)

("C:\Users\Art\AppData\Local\Programs\MiKTeX 2.9\tex/generic/pgf/math\pgfmath.c
ode.tex")
\pgffor@iter=\dimen180
\pgffor@skip=\dimen181
\pgffor@stack=\toks28
\pgffor@toks=\toks29
))
("C:\Users\Art\AppData\Local\Programs\MiKTeX 2.9\tex/generic/pgf/frontendlayer/
tikz\tikz.code.tex"
Package: tikz 2019/08/03 v3.1.4b (3.1.4b)

("C:\Users\Art\AppData\Local\Programs\MiKTeX 2.9\tex/generic/pgf/libraries\pgfl
ibraryplothandlers.code.tex"
File: pgflibraryplothandlers.code.tex 2019/08/03 v3.1.4b (3.1.4b)
\pgf@plot@mark@count=\count197
\pgfplotmarksize=\dimen182
)
\tikz@lastx=\dimen183
\tikz@lasty=\dimen184
\tikz@lastxsaved=\dimen185
\tikz@lastysaved=\dimen186
\tikz@lastmovetox=\dimen187
\tikz@lastmovetoy=\dimen188
\tikzleveldistance=\dimen189
\tikzsiblingdistance=\dimen190
\tikz@figbox=\box55
\tikz@figbox@bg=\box56
\tikz@tempbox=\box57
\tikz@tempbox@bg=\box58
\tikztreelevel=\count198
\tikznumberofchildren=\count199
\tikznumberofcurrentchild=\count266
\tikz@fig@count=\count267

("C:\Users\Art\AppData\Local\Programs\MiKTeX 2.9\tex/generic/pgf/modules\pgfmod
ulematrix.code.tex"
File: pgfmodulematrix.code.tex 2019/08/03 v3.1.4b (3.1.4b)
\pgfmatrixcurrentrow=\count268
\pgfmatrixcurrentcolumn=\count269
\pgf@matrix@numberofcolumns=\count270
)
\tikz@expandcount=\count271

("C:\Users\Art\AppData\Local\Programs\MiKTeX 2.9\tex/generic/pgf/frontendlayer/
tikz/libraries\tikzlibrarytopaths.code.tex"
File: tikzlibrarytopaths.code.tex 2019/08/03 v3.1.4b (3.1.4b)
))))
("C:\Users\Art\AppData\Local\Programs\MiKTeX 2.9\tex/latex/moderncv\moderncvhea
di.sty"

LaTeX Warning: You have requested package `moderncvheadi',
               but the package provides `moderncvheadi'.

Package: moderncvheadi 2015/07/28 v2.0.0 modern curriculum vitae and letter hea
der variant: 1
\quotewidth=\skip68
\makecvheadnamewidth=\skip69
)
("C:\Users\Art\AppData\Local\Programs\MiKTeX 2.9\tex/latex/moderncv\moderncvbod
yi.sty"

LaTeX Warning: You have requested package `moderncvbodyi',
               but the package provides `moderncvbodyi'.

Package: moderncvbodyi 2015/07/28 v2.0.0 modern curriculum vitae and letter bod
y variant: 1
\hintscolumnwidth=\skip70
\separatorcolumnwidth=\skip71
\maincolumnwidth=\skip72
\doubleitemcolumnwidth=\skip73
\listitemsymbolwidth=\skip74
LaTeX Font Info:    Try loading font information for U+mvs on input line 46.
("C:\Users\Art\AppData\Local\Programs\MiKTeX 2.9\tex/latex/marvosym\umvs.fd")
\listitemcolumnwidth=\skip75
\listdoubleitemcolumnwidth=\skip76
\baseletterheight=\skip77
\cvitemwithcommentbox=\box59
\cvitemwithcommentskilllength=\skip78
\cvitemwithcommentcommentlength=\skip79
))
("C:\Users\Art\AppData\Local\Programs\MiKTeX 2.9\tex/latex/moderncv\moderncvcol
orblue.sty"
Package: moderncvcolorblue 2015/07/28 v2.0.0 modern curriculum vitae and letter
 color scheme: blue
)
("C:\Users\Art\AppData\Local\Programs\MiKTeX 2.9\tex/latex/base\inputenc.sty"
Package: inputenc 2018/08/11 v1.3c Input encoding file
\inpenc@prehook=\toks30
\inpenc@posthook=\toks31
)
("C:\Users\Art\AppData\Local\Programs\MiKTeX 2.9\tex/latex/geometry\geometry.st
y"
Package: geometry 2018/04/16 v5.8 Page Geometry

("C:\Users\Art\AppData\Local\Programs\MiKTeX 2.9\tex/generic/oberdiek\ifpdf.sty
"
Package: ifpdf 2018/09/07 v3.3 Provides the ifpdf switch
)
("C:\Users\Art\AppData\Local\Programs\MiKTeX 2.9\tex/generic/oberdiek\ifvtex.st
y"
Package: ifvtex 2016/05/16 v1.6 Detect VTeX and its facilities (HO)
Package ifvtex Info: VTeX not detected.
)
\Gm@cnth=\count272
\Gm@cntv=\count273
\c@Gm@tempcnt=\count274
\Gm@bindingoffset=\dimen191
\Gm@wd@mp=\dimen192
\Gm@odd@mp=\dimen193
\Gm@even@mp=\dimen194
\Gm@layoutwidth=\dimen195
\Gm@layoutheight=\dimen196
\Gm@layouthoffset=\dimen197
\Gm@layoutvoffset=\dimen198
\Gm@dimlist=\toks32

("C:\Users\Art\AppData\Local\Programs\MiKTeX 2.9\tex/latex/geometry\geometry.cf
g"))
("C:\Users\Art\AppData\Local\Programs\MiKTeX 2.9\tex/latex/hyperref\hyperref.st
y"
Package: hyperref 2019/09/12 v6.88i Hypertext links for LaTeX

("C:\Users\Art\AppData\Local\Programs\MiKTeX 2.9\tex/generic/oberdiek\hobsub-hy
perref.sty"
Package: hobsub-hyperref 2016/05/16 v1.14 Bundle oberdiek, subset hyperref (HO)


("C:\Users\Art\AppData\Local\Programs\MiKTeX 2.9\tex/generic/oberdiek\hobsub-ge
neric.sty"
Package: hobsub-generic 2016/05/16 v1.14 Bundle oberdiek, subset generic (HO)
Package: hobsub 2016/05/16 v1.14 Construct package bundles (HO)
Package: infwarerr 2016/05/16 v1.4 Providing info/warning/error messages (HO)
Package: ltxcmds 2016/05/16 v1.23 LaTeX kernel commands for general use (HO)
Package hobsub Info: Skipping package `ifluatex' (already loaded).
Package hobsub Info: Skipping package `ifvtex' (already loaded).
Package: intcalc 2016/05/16 v1.2 Expandable calculations with integers (HO)
Package hobsub Info: Skipping package `ifpdf' (already loaded).
Package: etexcmds 2016/05/16 v1.6 Avoid name clashes with e-TeX commands (HO)
Package: kvsetkeys 2016/05/16 v1.17 Key value parser (HO)
Package: kvdefinekeys 2016/05/16 v1.4 Define keys (HO)
Package: pdftexcmds 2019/07/25 v0.30 Utility functions of pdfTeX for LuaTeX (HO
)
Package pdftexcmds Info: LuaTeX not detected.
Package pdftexcmds Info: \pdf@primitive is available.
Package pdftexcmds Info: \pdf@ifprimitive is available.
Package pdftexcmds Info: \pdfdraftmode found.
Package: pdfescape 2016/05/16 v1.14 Implements pdfTeX's escape features (HO)
Package: bigintcalc 2016/05/16 v1.4 Expandable calculations on big integers (HO
)
Package: bitset 2016/05/16 v1.2 Handle bit-vector datatype (HO)
Package: uniquecounter 2016/05/16 v1.3 Provide unlimited unique counter (HO)
)
Package hobsub Info: Skipping package `hobsub' (already loaded).
Package: letltxmacro 2016/05/16 v1.5 Let assignment for LaTeX macros (HO)
Package: hopatch 2016/05/16 v1.3 Wrapper for package hooks (HO)
Package: xcolor-patch 2016/05/16 xcolor patch
Package: atveryend 2016/05/16 v1.9 Hooks at the very end of document (HO)
Package: atbegshi 2016/06/09 v1.18 At begin shipout hook (HO)
Package: refcount 2016/05/16 v3.5 Data extraction from label references (HO)
Package: hycolor 2016/05/16 v1.8 Color options for hyperref/bookmark (HO)
)
("C:\Users\Art\AppData\Local\Programs\MiKTeX 2.9\tex/latex/oberdiek\auxhook.sty
"
Package: auxhook 2016/05/16 v1.4 Hooks for auxiliary files (HO)
)
("C:\Users\Art\AppData\Local\Programs\MiKTeX 2.9\tex/latex/oberdiek\kvoptions.s
ty"
Package: kvoptions 2016/05/16 v3.12 Key value format for package options (HO)
)
\@linkdim=\dimen199
\Hy@linkcounter=\count275
\Hy@pagecounter=\count276

("C:\Users\Art\AppData\Local\Programs\MiKTeX 2.9\tex/latex/hyperref\pd1enc.def"
File: pd1enc.def 2019/09/12 v6.88i Hyperref: PDFDocEncoding definition (HO)
Now handling font encoding PD1 ...
... no UTF-8 mapping file for font encoding PD1
)
\Hy@SavedSpaceFactor=\count277

("C:\Users\Art\AppData\Local\Programs\MiKTeX 2.9\tex/latex/00miktex\hyperref.cf
g"
File: hyperref.cfg 2002/06/06 v1.2 hyperref configuration of TeXLive
)
Package hyperref Info: Option `unicode' set `true' on input line 4424.

("C:\Users\Art\AppData\Local\Programs\MiKTeX 2.9\tex/latex/hyperref\puenc.def"
File: puenc.def 2019/09/12 v6.88i Hyperref: PDF Unicode definition (HO)
Now handling font encoding PU ...
... no UTF-8 mapping file for font encoding PU
)
Package hyperref Info: Hyper figures OFF on input line 4550.
Package hyperref Info: Link nesting OFF on input line 4555.
Package hyperref Info: Hyper index ON on input line 4558.
Package hyperref Info: Plain pages OFF on input line 4565.
Package hyperref Info: Backreferencing OFF on input line 4570.
Package hyperref Info: Implicit mode ON; LaTeX internals redefined.
Package hyperref Info: Bookmarks ON on input line 4803.
\c@Hy@tempcnt=\count278
LaTeX Info: Redefining \url on input line 5156.
\XeTeXLinkMargin=\dimen256
\Fld@menulength=\count279
\Field@Width=\dimen257
\Fld@charsize=\dimen258
Package hyperref Info: Hyper figures OFF on input line 6411.
Package hyperref Info: Link nesting OFF on input line 6416.
Package hyperref Info: Hyper index ON on input line 6419.
Package hyperref Info: backreferencing OFF on input line 6426.
Package hyperref Info: Link coloring OFF on input line 6431.
Package hyperref Info: Link coloring with OCG OFF on input line 6436.
Package hyperref Info: PDF/A mode OFF on input line 6441.
LaTeX Info: Redefining \ref on input line 6481.
LaTeX Info: Redefining \pageref on input line 6485.
\Hy@abspage=\count280
\c@Item=\count281
\c@Hfootnote=\count282
)
Package hyperref Info: Driver (autodetected): hpdftex.

("C:\Users\Art\AppData\Local\Programs\MiKTeX 2.9\tex/latex/hyperref\hpdftex.def
"
File: hpdftex.def 2019/09/12 v6.88i Hyperref driver for pdfTeX
\Fld@listcount=\count283
\c@bookmark@seq@number=\count284

("C:\Users\Art\AppData\Local\Programs\MiKTeX 2.9\tex/latex/oberdiek\rerunfilech
eck.sty"
Package: rerunfilecheck 2016/05/16 v1.8 Rerun checks for auxiliary files (HO)
Package uniquecounter Info: New unique counter `rerunfilecheck' on input line 2
82.
)
\Hy@SectionHShift=\skip80
)
Package hyperref Info: Option `breaklinks' set `true' on input line 33.
Package hyperref Info: Option `bookmarksopen' set `true' on input line 33.
 (CL_Main.aux)
\openout1 = `CL_Main.aux'.

LaTeX Font Info:    Checking defaults for OML/cmm/m/it on input line 33.
LaTeX Font Info:    ... okay on input line 33.
LaTeX Font Info:    Checking defaults for T1/cmr/m/n on input line 33.
LaTeX Font Info:    ... okay on input line 33.
LaTeX Font Info:    Checking defaults for OT1/cmr/m/n on input line 33.
LaTeX Font Info:    ... okay on input line 33.
LaTeX Font Info:    Checking defaults for OMS/cmsy/m/n on input line 33.
LaTeX Font Info:    ... okay on input line 33.
LaTeX Font Info:    Checking defaults for OMX/cmex/m/n on input line 33.
LaTeX Font Info:    ... okay on input line 33.
LaTeX Font Info:    Checking defaults for U/cmr/m/n on input line 33.
LaTeX Font Info:    ... okay on input line 33.
LaTeX Font Info:    Checking defaults for TS1/cmr/m/n on input line 33.
LaTeX Font Info:    Try loading font information for TS1+cmr on input line 33.

("C:\Users\Art\AppData\Local\Programs\MiKTeX 2.9\tex/latex/base\ts1cmr.fd"
File: ts1cmr.fd 2014/09/29 v2.5h Standard LaTeX font definitions
)
LaTeX Font Info:    ... okay on input line 33.
LaTeX Font Info:    Checking defaults for PD1/pdf/m/n on input line 33.
LaTeX Font Info:    ... okay on input line 33.
LaTeX Font Info:    Checking defaults for PU/pdf/m/n on input line 33.
LaTeX Font Info:    ... okay on input line 33.
LaTeX Font Info:    Try loading font information for T1+lmr on input line 33.

("C:\Users\Art\AppData\Local\Programs\MiKTeX 2.9\tex/latex/lm\t1lmr.fd"
File: t1lmr.fd 2009/10/30 v1.6 Font defs for Latin Modern
)
("C:\Users\Art\AppData\Local\Programs\MiKTeX 2.9\tex/context/base/mkii\supp-pdf
.mkii"
[Loading MPS to PDF converter (version 2006.09.02).]
\scratchcounter=\count285
\scratchdimen=\dimen259
\scratchbox=\box60
\nofMPsegments=\count286
\nofMParguments=\count287
\everyMPshowfont=\toks33
\MPscratchCnt=\count288
\MPscratchDim=\dimen260
\MPnumerator=\count289
\makeMPintoPDFobject=\count290
\everyMPtoPDFconversion=\toks34
)
("C:\Users\Art\AppData\Local\Programs\MiKTeX 2.9\tex/latex/oberdiek\epstopdf-ba
se.sty"
Package: epstopdf-base 2016/05/15 v2.6 Base part for package epstopdf

("C:\Users\Art\AppData\Local\Programs\MiKTeX 2.9\tex/latex/oberdiek\grfext.sty"
Package: grfext 2016/05/16 v1.2 Manage graphics extensions (HO)
)
Package epstopdf-base Info: Redefining graphics rule for `.eps' on input line 4
38.
Package grfext Info: Graphics extension search list:
(grfext)             [.pdf,.png,.jpg,.mps,.jpeg,.jbig2,.jb2,.PDF,.PNG,.JPG,.JPE
G,.JBIG2,.JB2,.eps]
(grfext)             \AppendGraphicsExtensions on input line 456.
)
LaTeX Info: Redefining \microtypecontext on input line 33.
Package microtype Info: Generating PDF output.
Package microtype Info: Character protrusion enabled (level 2).
Package microtype Info: Using default protrusion set `alltext'.
Package microtype Info: Automatic font expansion enabled (level 2),
(microtype)             stretch: 20, shrink: 20, step: 1, non-selected.
Package microtype Info: Using default expansion set `basictext'.
Package microtype Info: No adjustment of tracking.
Package microtype Info: No adjustment of interword spacing.
Package microtype Info: No adjustment of character kerning.

("C:\Users\Art\AppData\Local\Programs\MiKTeX 2.9\tex/latex/microtype\mt-cmr.cfg
"
File: mt-cmr.cfg 2013/05/19 v2.2 microtype config. file: Computer Modern Roman 
(RS)
) ABD: EveryShipout initializing macros
*geometry* driver: auto-detecting
*geometry* detected driver: pdftex
*geometry* verbose mode - [ preamble ] result:
* driver: pdftex
* paper: letterpaper
* layout: <same size as paper>
* layoutoffset:(h,v)=(0.0pt,0.0pt)
* modes: 
* h-part:(L,W,R)=(46.07025pt, 522.1545pt, 46.07025pt)
* v-part:(T,H,B)=(47.69626pt, 675.72934pt, 71.54439pt)
* \paperwidth=614.295pt
* \paperheight=794.96999pt
* \textwidth=522.1545pt
* \textheight=675.72934pt
* \oddsidemargin=-26.19974pt
* \evensidemargin=-26.19974pt
* \topmargin=-61.57373pt
* \headheight=12.0pt
* \headsep=25.0pt
* \topskip=11.0pt
* \footskip=30.0pt
* \marginparwidth=59.0pt
* \marginparsep=10.0pt
* \columnsep=10.0pt
* \skip\footins=10.0pt plus 4.0pt minus 2.0pt
* \hoffset=0.0pt
* \voffset=0.0pt
* \mag=1000
* \@twocolumnfalse
* \@twosidefalse
* \@mparswitchfalse
* \@reversemarginfalse
* (1in=72.27pt=25.4mm, 1cm=28.453pt)

\AtBeginShipoutBox=\box61
Package hyperref Info: Link coloring OFF on input line 33.
("C:\Users\Art\AppData\Local\Programs\MiKTeX 2.9\tex/latex/hyperref\nameref.sty
"
Package: nameref 2019/09/12 v2.45 Cross-referencing by name of section

("C:\Users\Art\AppData\Local\Programs\MiKTeX 2.9\tex/generic/oberdiek\gettitles
tring.sty"
Package: gettitlestring 2016/05/16 v1.5 Cleanup title references (HO)
)
\c@section@level=\count291
)
LaTeX Info: Redefining \ref on input line 33.
LaTeX Info: Redefining \pageref on input line 33.
LaTeX Info: Redefining \nameref on input line 33.
 (CL_Main.out) (CL_Main.out)
\@outlinefile=\write5
\openout5 = `CL_Main.out'.


("C:\Users\Art\AppData\Local\Programs\MiKTeX 2.9\tex/latex/microtype\mt-mvs.cfg
"
File: mt-mvs.cfg 2006/07/05 v1.1 microtype config. file: Marvosym Euro (RS)
)
LaTeX Font Info:    Try loading font information for OT1+lmr on input line 42.
 ("C:\Users\Art\AppData\Local\Programs\MiKTeX 2.9\tex/latex/lm\ot1lmr.fd"
File: ot1lmr.fd 2009/10/30 v1.6 Font defs for Latin Modern
)
LaTeX Font Info:    Try loading font information for OML+lmm on input line 42.

("C:\Users\Art\AppData\Local\Programs\MiKTeX 2.9\tex/latex/lm\omllmm.fd"
File: omllmm.fd 2009/10/30 v1.6 Font defs for Latin Modern
)
LaTeX Font Info:    Try loading font information for OMS+lmsy on input line 42.


("C:\Users\Art\AppData\Local\Programs\MiKTeX 2.9\tex/latex/lm\omslmsy.fd"
File: omslmsy.fd 2009/10/30 v1.6 Font defs for Latin Modern
)
LaTeX Font Info:    Try loading font information for OMX+lmex on input line 42.


("C:\Users\Art\AppData\Local\Programs\MiKTeX 2.9\tex/latex/lm\omxlmex.fd"
File: omxlmex.fd 2009/10/30 v1.6 Font defs for Latin Modern
)
LaTeX Font Info:    External font `lmex10' loaded for size
(Font)              <10.95> on input line 42.
LaTeX Font Info:    External font `lmex10' loaded for size
(Font)              <8> on input line 42.
LaTeX Font Info:    External font `lmex10' loaded for size
(Font)              <6> on input line 42.


! LaTeX Error: There's no line here to end.

See the LaTeX manual or LaTeX Companion for explanation.
Type  H <return>  for immediate help.
 ...                                              
                                                  
l.42 \makelettertitle
                     
Your command was ignored.
Type  I <command> <return>  to replace it with another command,
or  <return>  to continue without it.

[1

{C:/Users/Art/AppData/Local/MiKTeX/2.9/pdftex/config/pdftex.map}]
Package atveryend Info: Empty hook `BeforeClearDocument' on input line 56.
Package atveryend Info: Empty hook `AfterLastShipout' on input line 56.

(CL_Main.aux)
Package atveryend Info: Executing hook `AtVeryEndDocument' on input line 56.
Package atveryend Info: Executing hook `AtEndAfterFileList' on input line 56.
Package rerunfilecheck Info: File `CL_Main.out' has not changed.
(rerunfilecheck)             Checksum: D41D8CD98F00B204E9800998ECF8427E;0.
 ) 
Here is how much of TeX's memory you used:
 32022 strings out of 492895
 598333 string characters out of 3124669
 654467 words of memory out of 3000000
 35531 multiletter control sequences out of 15000+200000
 568663 words of font info for 60 fonts, out of 3000000 for 9000
 1141 hyphenation exceptions out of 8191
 69i,11n,65p,898b,338s stack positions out of 5000i,500n,10000p,200000b,50000s
{C:/Users/Art/AppData/Local/Programs/MiKTeX 2.9/fonts/enc/dvips/lm/lm-ec.enc}
<C:/Users/Art/AppData/Local/Programs/MiKTeX 2.9/fonts/type1/public/lm/lmbx10.pf
b><C:/Users/Art/AppData/Local/Programs/MiKTeX 2.9/fonts/type1/public/lm/lmr10.p
fb><C:/Users/Art/AppData/Local/Programs/MiKTeX 2.9/fonts/type1/public/lm/lmro10
.pfb><C:/Users/Art/AppData/Local/Programs/MiKTeX 2.9/fonts/type1/public/marvosy
m/marvosym.pfb>
Output written on CL_Main.pdf (1 page, 110187 bytes).
PDF statistics:
 33 PDF objects out of 1000 (max. 8388607)
 2 named destinations out of 1000 (max. 500000)
 11277 words of extra memory for PDF output out of 12000 (max. 10000000)

